<?xml version="1.0" encoding="UTF-8"?>
<!-- Generated by org.testng.reporters.JUnitReportReporter -->
<testsuite hostname="DESKTOP-62VSDD3" failures="0" tests="2" name="com.telran.tests.elements.ButtonsTests" time="15.984" errors="0" timestamp="2022-11-07T11:31:27 CET" skipped="0">
  <testcase classname="com.telran.tests.elements.ButtonsTests" name="doubleClickTest" time="9.039"/>
  <system-out/>
  <testcase classname="com.telran.tests.elements.ButtonsTests" name="Test" time="6.945"/>
  <system-out/>
</testsuite> <!-- com.telran.tests.elements.ButtonsTests -->
