<?xml version="1.0" encoding="UTF-8"?>
<!-- Generated by org.testng.reporters.JUnitReportReporter -->
<testsuite hostname="DESKTOP-62VSDD3" failures="0" tests="2" name="com.telran.tests.elements.ButtonsTests" time="12.692" errors="0" timestamp="2022-11-08T22:55:03 CET" skipped="0">
  <testcase classname="com.telran.tests.elements.ButtonsTests" name="doubleClickTest" time="6.587"/>
  <system-out/>
  <testcase classname="com.telran.tests.elements.ButtonsTests" name="Test" time="6.105"/>
  <system-out/>
</testsuite> <!-- com.telran.tests.elements.ButtonsTests -->
